[0m16:56:29.632175 [debug] [MainThread]: Sending event: {'category': 'dbt', 'action': 'invocation', 'label': 'start', 'context': [<snowplow_tracker.self_describing_json.SelfDescribingJson object at 0x00000214D9E5A9F0>, <snowplow_tracker.self_describing_json.SelfDescribingJson object at 0x00000214DF926060>, <snowplow_tracker.self_describing_json.SelfDescribingJson object at 0x00000214DFB772C0>]}


============================== 16:56:29.639934 | b54af5f5-4e70-45f5-8e9b-0e12d1ccda11 ==============================
[0m16:56:29.639934 [info ] [MainThread]: Running with dbt=1.8.3
[0m16:56:29.641942 [debug] [MainThread]: running dbt with arguments {'printer_width': '80', 'indirect_selection': 'eager', 'write_json': 'True', 'log_cache_events': 'False', 'partial_parse': 'True', 'cache_selected_only': 'False', 'warn_error': 'None', 'debug': 'False', 'profiles_dir': 'C:\\Users\\ambik\\.dbt', 'log_path': 'logs', 'version_check': 'True', 'fail_fast': 'False', 'use_colors': 'True', 'use_experimental_parser': 'False', 'empty': 'None', 'quiet': 'False', 'no_print': 'None', 'log_format': 'default', 'invocation_command': 'dbt init', 'introspect': 'True', 'static_parser': 'True', 'target_path': 'None', 'warn_error_options': 'WarnErrorOptions(include=[], exclude=[])', 'send_anonymous_usage_stats': 'True'}
[0m16:56:46.724981 [debug] [MainThread]: Starter project path: C:\Ambika\Lib\site-packages\dbt\include\starter_project
[0m16:56:46.763619 [info ] [MainThread]: 
Your new dbt project "sample_pro" was created!

For more information on how to configure the profiles.yml file,
please consult the dbt documentation here:

  https://docs.getdbt.com/docs/configure-your-profile

One more thing:

Need help? Don't hesitate to reach out to us via GitHub issues or on Slack:

  https://community.getdbt.com/

Happy modeling!

[0m16:56:46.764626 [info ] [MainThread]: Setting up your profile.
[0m16:59:21.983402 [info ] [MainThread]: Profile sample_pro written to C:\Users\ambik\.dbt\profiles.yml using target's profile_template.yml and your supplied values. Run 'dbt debug' to validate the connection.
[0m16:59:21.985408 [debug] [MainThread]: Command `dbt init` succeeded at 16:59:21.985408 after 172.68 seconds
[0m16:59:21.987150 [debug] [MainThread]: Sending event: {'category': 'dbt', 'action': 'invocation', 'label': 'end', 'context': [<snowplow_tracker.self_describing_json.SelfDescribingJson object at 0x00000214DFB23260>, <snowplow_tracker.self_describing_json.SelfDescribingJson object at 0x00000214DFB223C0>, <snowplow_tracker.self_describing_json.SelfDescribingJson object at 0x00000214DFB4ECF0>]}
[0m16:59:21.988043 [debug] [MainThread]: Flushing usage events
[0m16:59:35.087180 [debug] [MainThread]: Sending event: {'category': 'dbt', 'action': 'invocation', 'label': 'start', 'context': [<snowplow_tracker.self_describing_json.SelfDescribingJson object at 0x00000241AA2E1B50>, <snowplow_tracker.self_describing_json.SelfDescribingJson object at 0x00000241A7A44500>, <snowplow_tracker.self_describing_json.SelfDescribingJson object at 0x00000241A4FDD940>]}


============================== 16:59:35.087180 | c8fd1cb0-13cd-4e3f-aec4-50bb6af39fba ==============================
[0m16:59:35.087180 [info ] [MainThread]: Running with dbt=1.8.3
[0m16:59:35.087180 [debug] [MainThread]: running dbt with arguments {'printer_width': '80', 'indirect_selection': 'eager', 'write_json': 'True', 'log_cache_events': 'False', 'partial_parse': 'True', 'cache_selected_only': 'False', 'profiles_dir': 'C:\\Users\\ambik\\.dbt', 'fail_fast': 'False', 'warn_error': 'None', 'log_path': 'logs', 'version_check': 'True', 'debug': 'False', 'use_colors': 'True', 'use_experimental_parser': 'False', 'no_print': 'None', 'quiet': 'False', 'empty': 'None', 'warn_error_options': 'WarnErrorOptions(include=[], exclude=[])', 'introspect': 'True', 'static_parser': 'True', 'invocation_command': 'dbt debug', 'target_path': 'None', 'log_format': 'default', 'send_anonymous_usage_stats': 'True'}
[0m16:59:35.129021 [info ] [MainThread]: dbt version: 1.8.3
[0m16:59:35.131039 [info ] [MainThread]: python version: 3.12.4
[0m16:59:35.131039 [info ] [MainThread]: python path: C:\Ambika\python.exe
[0m16:59:35.133054 [info ] [MainThread]: os info: Windows-11-10.0.26100-SP0
[0m16:59:35.237339 [info ] [MainThread]: Using profiles dir at C:\Users\ambik\.dbt
[0m16:59:35.237339 [info ] [MainThread]: Using profiles.yml file at C:\Users\ambik\.dbt\profiles.yml
[0m16:59:35.241535 [info ] [MainThread]: Using dbt_project.yml file at C:\Ambika\BACKUP_C_DRIVE_AMBIKA_FOLDER-main\vignesh\dbt_project\dbt_project.yml
[0m16:59:35.241535 [error] [MainThread]: Encountered an error:
Internal Error
  Profile should not be None if loading profile completed
[0m16:59:35.241535 [debug] [MainThread]: Command `dbt debug` failed at 16:59:35.241535 after 0.48 seconds
[0m16:59:35.241535 [debug] [MainThread]: Sending event: {'category': 'dbt', 'action': 'invocation', 'label': 'end', 'context': [<snowplow_tracker.self_describing_json.SelfDescribingJson object at 0x00000241A7A44500>, <snowplow_tracker.self_describing_json.SelfDescribingJson object at 0x00000241AB193F50>, <snowplow_tracker.self_describing_json.SelfDescribingJson object at 0x00000241AB695790>]}
[0m16:59:35.241535 [debug] [MainThread]: Flushing usage events
[0m17:00:48.917325 [debug] [MainThread]: Sending event: {'category': 'dbt', 'action': 'invocation', 'label': 'start', 'context': [<snowplow_tracker.self_describing_json.SelfDescribingJson object at 0x00000264392DA2D0>, <snowplow_tracker.self_describing_json.SelfDescribingJson object at 0x0000026439352630>, <snowplow_tracker.self_describing_json.SelfDescribingJson object at 0x0000026439352240>]}


============================== 17:00:48.925390 | 473bf7f3-e040-4a03-b66c-71d49587d25c ==============================
[0m17:00:48.925390 [info ] [MainThread]: Running with dbt=1.8.3
[0m17:00:48.927408 [debug] [MainThread]: running dbt with arguments {'printer_width': '80', 'indirect_selection': 'eager', 'write_json': 'True', 'log_cache_events': 'False', 'partial_parse': 'True', 'cache_selected_only': 'False', 'warn_error': 'None', 'version_check': 'True', 'profiles_dir': 'C:\\Users\\ambik\\.dbt', 'log_path': 'logs', 'fail_fast': 'False', 'debug': 'False', 'use_colors': 'True', 'use_experimental_parser': 'False', 'empty': 'None', 'quiet': 'False', 'no_print': 'None', 'log_format': 'default', 'invocation_command': 'dbt debug', 'warn_error_options': 'WarnErrorOptions(include=[], exclude=[])', 'introspect': 'True', 'target_path': 'None', 'static_parser': 'True', 'send_anonymous_usage_stats': 'True'}
[0m17:00:48.949477 [info ] [MainThread]: dbt version: 1.8.3
[0m17:00:48.950097 [info ] [MainThread]: python version: 3.12.4
[0m17:00:48.951143 [info ] [MainThread]: python path: C:\Ambika\python.exe
[0m17:00:48.952571 [info ] [MainThread]: os info: Windows-11-10.0.26100-SP0
[0m17:00:49.036935 [info ] [MainThread]: Using profiles dir at C:\Users\ambik\.dbt
[0m17:00:49.037915 [info ] [MainThread]: Using profiles.yml file at C:\Users\ambik\.dbt\profiles.yml
[0m17:00:49.038914 [info ] [MainThread]: Using dbt_project.yml file at C:\Ambika\BACKUP_C_DRIVE_AMBIKA_FOLDER-main\vignesh\dbt_project\dbt_project.yml
[0m17:00:49.039915 [error] [MainThread]: Encountered an error:
Internal Error
  Profile should not be None if loading profile completed
[0m17:00:49.040915 [debug] [MainThread]: Command `dbt debug` failed at 17:00:49.040915 after 0.38 seconds
[0m17:00:49.041917 [debug] [MainThread]: Sending event: {'category': 'dbt', 'action': 'invocation', 'label': 'end', 'context': [<snowplow_tracker.self_describing_json.SelfDescribingJson object at 0x000002643975FD70>, <snowplow_tracker.self_describing_json.SelfDescribingJson object at 0x0000026439C36FF0>, <snowplow_tracker.self_describing_json.SelfDescribingJson object at 0x00000264338AB470>]}
[0m17:00:49.041917 [debug] [MainThread]: Flushing usage events
